<?xml version="1.0" encoding="UTF-8"?>
<testng-results ignored="0" total="2" passed="2" failed="0" skipped="0">
  <reporter-output>
  </reporter-output>
  <suite started-at="2024-02-19T15:58:20 IST" name="Default suite" finished-at="2024-02-19T15:59:07 IST" duration-ms="47377">
    <groups>
    </groups>
    <test started-at="2024-02-19T15:58:20 IST" name="Default test" finished-at="2024-02-19T15:59:07 IST" duration-ms="47377">
      <class name="Project1.project1.Project1Test">
        <test-method is-config="true" signature="loading()[pri:0, instance:Project1.project1.Project1Test@5b1669c0]" started-at="2024-02-19T15:58:20 IST" name="loading" finished-at="2024-02-19T15:58:20 IST" duration-ms="13" status="PASS">
          <reporter-output>
          </reporter-output>
        </test-method> <!-- loading -->
        <test-method is-config="true" signature="launch()[pri:0, instance:Project1.project1.Project1Test@5b1669c0]" started-at="2024-02-19T15:58:20 IST" name="launch" finished-at="2024-02-19T15:58:24 IST" duration-ms="4468" status="PASS">
          <reporter-output>
          </reporter-output>
        </test-method> <!-- launch -->
        <test-method signature="login()[pri:1, instance:Project1.project1.Project1Test@5b1669c0]" started-at="2024-02-19T15:58:24 IST" name="login" finished-at="2024-02-19T15:58:29 IST" duration-ms="4624" status="PASS">
          <reporter-output>
          </reporter-output>
        </test-method> <!-- login -->
        <test-method is-config="true" signature="close()[pri:0, instance:Project1.project1.Project1Test@5b1669c0]" started-at="2024-02-19T15:58:29 IST" name="close" finished-at="2024-02-19T15:58:29 IST" duration-ms="188" status="PASS">
          <reporter-output>
          </reporter-output>
        </test-method> <!-- close -->
        <test-method is-config="true" signature="launch()[pri:0, instance:Project1.project1.Project1Test@5b1669c0]" started-at="2024-02-19T15:58:29 IST" name="launch" finished-at="2024-02-19T15:58:32 IST" duration-ms="3161" status="PASS">
          <reporter-output>
          </reporter-output>
        </test-method> <!-- launch -->
        <test-method signature="automation()[pri:2, instance:Project1.project1.Project1Test@5b1669c0]" started-at="2024-02-19T15:58:32 IST" name="automation" finished-at="2024-02-19T15:59:07 IST" duration-ms="34586" status="PASS">
          <reporter-output>
          </reporter-output>
        </test-method> <!-- automation -->
        <test-method is-config="true" signature="close()[pri:0, instance:Project1.project1.Project1Test@5b1669c0]" started-at="2024-02-19T15:59:07 IST" name="close" finished-at="2024-02-19T15:59:07 IST" duration-ms="83" status="PASS">
          <reporter-output>
          </reporter-output>
        </test-method> <!-- close -->
        <test-method is-config="true" signature="quit()[pri:0, instance:Project1.project1.Project1Test@5b1669c0]" started-at="2024-02-19T15:59:07 IST" name="quit" finished-at="2024-02-19T15:59:07 IST" duration-ms="203" status="PASS">
          <reporter-output>
          </reporter-output>
        </test-method> <!-- quit -->
      </class> <!-- Project1.project1.Project1Test -->
    </test> <!-- Default test -->
  </suite> <!-- Default suite -->
</testng-results>
